INFO:sim:172 - Generating IP...
Resolving generics for 'gameover0'...
Applying external generics to 'gameover0'...
Delivering associated files for 'gameover0'...
Delivering EJava files for 'gameover0'...
Generating implementation netlist for 'gameover0'...
INFO:sim - Pre-processing HDL files for 'gameover0'...
Running synthesis for 'gameover0'
Running ngcbuild...
Writing VEO instantiation template for 'gameover0'...
Writing Verilog behavioral simulation model for 'gameover0'...
WARNING:sim - Overwriting existing file
   F:/yes/program/ipcore_dir/tmp/_cg/gameover0/doc/blk_mem_gen_v7_3_vinfo.html
   with file from view xilinx_documentation
Delivered 1 file into directory F:/yes/program/ipcore_dir/tmp/_cg/gameover0
Generating ASY schematic symbol...
INFO:sim:949 - Finished generation of ASY schematic symbol.
Generating SYM schematic symbol for 'gameover0'...
Generating metadata file...
Generating ISE project file for 'gameover0'...
Generating ISE project...
XCO file found: gameover0.xco
XMDF file found: gameover0_xmdf.tcl
Adding F:/yes/program/ipcore_dir/tmp/_cg/gameover0.asy -view all -origin_type
imported
Adding F:/yes/program/ipcore_dir/tmp/_cg/gameover0.ngc -view all -origin_type
created
Checking file "F:/yes/program/ipcore_dir/tmp/_cg/gameover0.ngc" for project
device match ...
File "F:/yes/program/ipcore_dir/tmp/_cg/gameover0.ngc" device information
matches project device.
Adding F:/yes/program/ipcore_dir/tmp/_cg/gameover0.sym -view all -origin_type
imported
Adding F:/yes/program/ipcore_dir/tmp/_cg/gameover0.v -view all -origin_type
created
INFO:HDLCompiler:1845 - Analyzing Verilog file
   "F:/yes/program/ipcore_dir/tmp/_cg/gameover0.v" into library work
INFO:ProjectMgmt - Parsing design hierarchy completed successfully.
Adding F:/yes/program/ipcore_dir/tmp/_cg/gameover0.veo -view all -origin_type
imported
INFO:TclTasksC:2116 - The automatic calculation of top has been turned-off.
   Please set the new top explicitly by running the "project set top" command.
   To re-calculate the new top automatically, set the "Auto Implementation Top"
   property to true.
Top level has been set to "/gameover0"
Generating README file...
Generating FLIST file...
INFO:sim:948 - Finished FLIST file generation.
Launching README viewer...
Moving files to output directory...
Finished moving files to output directory
Wrote CGP file for project 'gameover0'.
