--------------------------------------------------------------------------------
Release 14.7 Trace  (nt64)
Copyright (c) 1995-2013 Xilinx, Inc.  All rights reserved.

C:\XilinxISE\14.7\ISE_DS\ISE\bin\nt64\unwrapped\trce.exe -intstyle ise -v 3 -s
1 -n 3 -fastpaths -xml Top.twx Top.ncd -o Top.twr Top.pcf -ucf K114.ucf

Design file:              Top.ncd
Physical constraint file: Top.pcf
Device,package,speed:     xc7k160t,ffg676,C,-1 (PRODUCTION 1.10 2013-10-13)
Report level:             verbose report

Environment Variable      Effect 
--------------------      ------ 
NONE                      No environment variables were set
--------------------------------------------------------------------------------

INFO:Timing:2698 - No timing constraints found, doing default enumeration.
INFO:Timing:3412 - To improve timing, see the Timing Closure User Guide (UG612).
INFO:Timing:2752 - To get complete path coverage, use the unconstrained paths 
   option. All paths that are not constrained will be reported in the 
   unconstrained paths section(s) of the report.
INFO:Timing:3339 - The clock-to-out numbers in this timing report are based on 
   a 50 Ohm transmission line loading model.  For the details of this model, 
   and for more information on accounting for different loading conditions, 
   please see the device datasheet.



Data Sheet report:
-----------------
All values displayed in nanoseconds (ns)

Setup/Hold to clock I_clk
------------+------------+------------+------------+------------+------------------+--------+
            |Max Setup to|  Process   |Max Hold to |  Process   |                  | Clock  |
Source      | clk (edge) |   Corner   | clk (edge) |   Corner   |Internal Clock(s) | Phase  |
------------+------------+------------+------------+------------+------------------+--------+
I_rst_n     |    0.988(R)|      SLOW  |    0.599(R)|      SLOW  |I_clk_BUFGP       |   0.000|
------------+------------+------------+------------+------------+------------------+--------+

Clock I_clk to Pad
------------+-----------------+------------+-----------------+------------+------------------+--------+
            |Max (slowest) clk|  Process   |Min (fastest) clk|  Process   |                  | Clock  |
Destination |  (edge) to PAD  |   Corner   |  (edge) to PAD  |   Corner   |Internal Clock(s) | Phase  |
------------+-----------------+------------+-----------------+------------+------------------+--------+
AN<0>       |        12.244(R)|      SLOW  |         4.668(R)|      FAST  |I_clk_BUFGP       |   0.000|
AN<1>       |        12.119(R)|      SLOW  |         4.582(R)|      FAST  |I_clk_BUFGP       |   0.000|
AN<2>       |        11.813(R)|      SLOW  |         4.468(R)|      FAST  |I_clk_BUFGP       |   0.000|
AN<3>       |        12.019(R)|      SLOW  |         4.555(R)|      FAST  |I_clk_BUFGP       |   0.000|
Segment<0>  |        15.086(R)|      SLOW  |         5.244(R)|      FAST  |I_clk_BUFGP       |   0.000|
Segment<1>  |        15.014(R)|      SLOW  |         5.258(R)|      FAST  |I_clk_BUFGP       |   0.000|
Segment<2>  |        15.128(R)|      SLOW  |         5.192(R)|      FAST  |I_clk_BUFGP       |   0.000|
Segment<3>  |        15.039(R)|      SLOW  |         5.097(R)|      FAST  |I_clk_BUFGP       |   0.000|
Segment<4>  |        14.337(R)|      SLOW  |         5.022(R)|      FAST  |I_clk_BUFGP       |   0.000|
Segment<5>  |        14.710(R)|      SLOW  |         5.182(R)|      FAST  |I_clk_BUFGP       |   0.000|
Segment<6>  |        14.185(R)|      SLOW  |         5.051(R)|      FAST  |I_clk_BUFGP       |   0.000|
------------+-----------------+------------+-----------------+------------+------------------+--------+

Clock to Setup on destination clock I_clk
---------------+---------+---------+---------+---------+
               | Src:Rise| Src:Fall| Src:Rise| Src:Fall|
Source Clock   |Dest:Rise|Dest:Rise|Dest:Fall|Dest:Fall|
---------------+---------+---------+---------+---------+
I_clk          |    1.585|         |         |         |
---------------+---------+---------+---------+---------+


Analysis completed Fri Jan 05 16:32:03 2024 
--------------------------------------------------------------------------------

Trace Settings:
-------------------------
Trace Settings 

Peak Memory Usage: 5152 MB



